+l
2	
3	#include <stdio.h>
4	
5	int input_array_size();
6	void input_array(int n, int a[n]);
7	int sum_composite_numbers(int n, int a[n]);
8	void output(int sum);
9	
10	int main()
11	{
+b 51
Breakpoint 1 at 0x4015de: file c:\Users\zaina\github-classroom\FPC-advanced\fpc-advanced-classroom-1st-year-assignment-ZainabRiyaz\set02\problem04.c, line 51.
+b 34
Breakpoint 2 at 0x401551: file c:\Users\zaina\github-classroom\FPC-advanced\fpc-advanced-classroom-1st-year-assignment-ZainabRiyaz\set02\problem04.c, line 34.
+b 53
Breakpoint 3 at 0x4015e4: file c:\Users\zaina\github-classroom\FPC-advanced\fpc-advanced-classroom-1st-year-assignment-ZainabRiyaz\set02\problem04.c, line 53.
+b main
Breakpoint 4 at 0x401477: file c:\Users\zaina\github-classroom\FPC-advanced\fpc-advanced-classroom-1st-year-assignment-ZainabRiyaz\set02\problem04.c, line 11.
+r
Starting program: c:\Users\zaina\github-classroom\FPC-advanced\fpc-advanced-classroom-1st-year-assignment-ZainabRiyaz\set02/./problem04.exe 
[New Thread 13572.0x4404]
[New Thread 13572.0x251c]

Breakpoint 4, 0x00401477 in main ()
    at c:\Users\zaina\github-classroom\FPC-advanced\fpc-advanced-classroom-1st-year-assignment-ZainabRiyaz\set02\problem04.c:11
11	{
+n
12	    int n,sum=0;
+n
13	    n=input_array_size();
+n
14	    int a[n];;
+n
15	    input_array(n,a);
+n

Breakpoint 2, input_array (n=5, a=0x61fed8)
    at c:\Users\zaina\github-classroom\FPC-advanced\fpc-advanced-classroom-1st-year-assignment-ZainabRiyaz\set02\problem04.c:34
34	        scanf("%d",&a[i]);
+n
31	    for(int i=0;i<n;i++)
+p a[i]
$1 = 23
+n
33	        printf("Enter the element: ");
+33
Undefined command: "33".  Try "help".
+n

Breakpoint 2, input_array (n=5, a=0x61fed8)
    at c:\Users\zaina\github-classroom\FPC-advanced\fpc-advanced-classroom-1st-year-assignment-ZainabRiyaz\set02\problem04.c:34
34	        scanf("%d",&a[i]);
+n
31	    for(int i=0;i<n;i++)
+p a[i]
$2 = 33
+n
33	        printf("Enter the element: ");
+n

Breakpoint 2, input_array (n=5, a=0x61fed8)
    at c:\Users\zaina\github-classroom\FPC-advanced\fpc-advanced-classroom-1st-year-assignment-ZainabRiyaz\set02\problem04.c:34
34	        scanf("%d",&a[i]);
+n
31	    for(int i=0;i<n;i++)
+n
33	        printf("Enter the element: ");
+n

Breakpoint 2, input_array (n=5, a=0x61fed8)
    at c:\Users\zaina\github-classroom\FPC-advanced\fpc-advanced-classroom-1st-year-assignment-ZainabRiyaz\set02\problem04.c:34
34	        scanf("%d",&a[i]);
+n
31	    for(int i=0;i<n;i++)
+n
33	        printf("Enter the element: ");
+n

Breakpoint 2, input_array (n=5, a=0x61fed8)
    at c:\Users\zaina\github-classroom\FPC-advanced\fpc-advanced-classroom-1st-year-assignment-ZainabRiyaz\set02\problem04.c:34
34	        scanf("%d",&a[i]);
+n
31	    for(int i=0;i<n;i++)
+n
36	}
+n
main ()
    at c:\Users\zaina\github-classroom\FPC-advanced\fpc-advanced-classroom-1st-year-assignment-ZainabRiyaz\set02\problem04.c:16
16	    sum=sum_composite_numbers(n,a);
+n

Breakpoint 1, sum_composite_numbers (n=5, a=0x61fed8)
    at c:\Users\zaina\github-classroom\FPC-advanced\fpc-advanced-classroom-1st-year-assignment-ZainabRiyaz\set02\problem04.c:51
51	        if(count>2)
+p count
$3 = 7
+n

Breakpoint 3, sum_composite_numbers (n=5, a=0x61fed8)
    at c:\Users\zaina\github-classroom\FPC-advanced\fpc-advanced-classroom-1st-year-assignment-ZainabRiyaz\set02\problem04.c:53
53	            sum+=a[i];
+p sum
$4 = 0
+n
41	    for(int i =0;i<n;i++)
+n
56	    return sum;
+n
57	}
+n
main ()
    at c:\Users\zaina\github-classroom\FPC-advanced\fpc-advanced-classroom-1st-year-assignment-ZainabRiyaz\set02\problem04.c:17
17	    output(sum);
+p sum
$5 = -348813549
+n
18	    return 0;
+n
19	}
+n
0x00401288 in __register_frame_info ()
+l
14	    int a[n];;
15	    input_array(n,a);
16	    sum=sum_composite_numbers(n,a);
17	    output(sum);
18	    return 0;
19	}
20	
21	int input_array_size()
22	{
23	    int n;
+b 48
Breakpoint 5 at 0x4015c0: file c:\Users\zaina\github-classroom\FPC-advanced\fpc-advanced-classroom-1st-year-assignment-ZainabRiyaz\set02\problem04.c, line 48.
+set logging enabled off
Undefined set logging command: "enabled off".  Try "help set logging".
+set loggin off
+b 48
Breakpoint 1 at 0x4015c0: file c:\Users\zaina\github-classroom\FPC-advanced\fpc-advanced-classroom-1st-year-assignment-ZainabRiyaz\set02\problem04.c, line 48.
+b 53
Breakpoint 2 at 0x4015e4: file c:\Users\zaina\github-classroom\FPC-advanced\fpc-advanced-classroom-1st-year-assignment-ZainabRiyaz\set02\problem04.c, line 53.
+b main
Breakpoint 3 at 0x401477: file c:\Users\zaina\github-classroom\FPC-advanced\fpc-advanced-classroom-1st-year-assignment-ZainabRiyaz\set02\problem04.c, line 11.
+r
Starting program: c:\Users\zaina\github-classroom\FPC-advanced\fpc-advanced-classroom-1st-year-assignment-ZainabRiyaz\set02/./problem04.exe 
[New Thread 5204.0x4e24]
[New Thread 5204.0x2464]

Breakpoint 3, 0x00401477 in main ()
    at c:\Users\zaina\github-classroom\FPC-advanced\fpc-advanced-classroom-1st-year-assignment-ZainabRiyaz\set02\problem04.c:11
11	{
+n
12	    int n,sum=0;
+n
13	    n=input_array_size();
+n
14	    int a[n];;
+n
15	    input_array(n,a);
+n
16	    sum=sum_composite_numbers(n,a);
+n

Breakpoint 1, sum_composite_numbers (n=5, a=0x61fed8)
    at c:\Users\zaina\github-classroom\FPC-advanced\fpc-advanced-classroom-1st-year-assignment-ZainabRiyaz\set02\problem04.c:48
48	                count+=1;
+p count
$1 = 0
+n
44	        for(int j=1;j<=a[i];i++)
+p count
$2 = 1
+n
46	            if(a[i]%j==0)
+n

Breakpoint 1, sum_composite_numbers (n=5, a=0x61fed8)
    at c:\Users\zaina\github-classroom\FPC-advanced\fpc-advanced-classroom-1st-year-assignment-ZainabRiyaz\set02\problem04.c:48
48	                count+=1;
+p count
$3 = 1
+n
44	        for(int j=1;j<=a[i];i++)
+n
46	            if(a[i]%j==0)
+n

Breakpoint 1, sum_composite_numbers (n=5, a=0x61fed8)
    at c:\Users\zaina\github-classroom\FPC-advanced\fpc-advanced-classroom-1st-year-assignment-ZainabRiyaz\set02\problem04.c:48
48	                count+=1;
+n
44	        for(int j=1;j<=a[i];i++)
+n
46	            if(a[i]%j==0)
+n

Breakpoint 1, sum_composite_numbers (n=5, a=0x61fed8)
    at c:\Users\zaina\github-classroom\FPC-advanced\fpc-advanced-classroom-1st-year-assignment-ZainabRiyaz\set02\problem04.c:48
48	                count+=1;
+p count
$4 = 3
+n
44	        for(int j=1;j<=a[i];i++)
+n
46	            if(a[i]%j==0)
+n

Breakpoint 1, sum_composite_numbers (n=5, a=0x61fed8)
    at c:\Users\zaina\github-classroom\FPC-advanced\fpc-advanced-classroom-1st-year-assignment-ZainabRiyaz\set02\problem04.c:48
48	                count+=1;
+p count
$5 = 4
+n
44	        for(int j=1;j<=a[i];i++)
+n
46	            if(a[i]%j==0)
+n

Breakpoint 1, sum_composite_numbers (n=5, a=0x61fed8)
    at c:\Users\zaina\github-classroom\FPC-advanced\fpc-advanced-classroom-1st-year-assignment-ZainabRiyaz\set02\problem04.c:48
48	                count+=1;
+p count
$6 = 5
+n
44	        for(int j=1;j<=a[i];i++)
+n
46	            if(a[i]%j==0)
+n

Breakpoint 1, sum_composite_numbers (n=5, a=0x61fed8)
    at c:\Users\zaina\github-classroom\FPC-advanced\fpc-advanced-classroom-1st-year-assignment-ZainabRiyaz\set02\problem04.c:48
48	                count+=1;
+n
44	        for(int j=1;j<=a[i];i++)
+n
46	            if(a[i]%j==0)
+n

Breakpoint 1, sum_composite_numbers (n=5, a=0x61fed8)
    at c:\Users\zaina\github-classroom\FPC-advanced\fpc-advanced-classroom-1st-year-assignment-ZainabRiyaz\set02\problem04.c:48
48	                count+=1;
+n
44	        for(int j=1;j<=a[i];i++)
+n
51	        if(count>2)
+n

Breakpoint 2, sum_composite_numbers (n=5, a=0x61fed8)
    at c:\Users\zaina\github-classroom\FPC-advanced\fpc-advanced-classroom-1st-year-assignment-ZainabRiyaz\set02\problem04.c:53
53	            sum+=a[i];
+p sum
$7 = 0
+n
41	    for(int i =0;i<n;i++)
+p sum
$8 = -2
+set logging enabled off
Undefined set logging command: "enabled off".  Try "help set logging".
+set loggin off
