+b 52
Breakpoint 1 at 0x401558: file c:\Users\zaina\github-classroom\FPC-advanced\fpc-advanced-classroom-1st-year-assignment-ZainabRiyaz\set02\problem02.c, line 52.
+b main
Breakpoint 2 at 0x40146e: file c:\Users\zaina\github-classroom\FPC-advanced\fpc-advanced-classroom-1st-year-assignment-ZainabRiyaz\set02\problem02.c, line 11.
+b 25
Breakpoint 3 at 0x401501: file c:\Users\zaina\github-classroom\FPC-advanced\fpc-advanced-classroom-1st-year-assignment-ZainabRiyaz\set02\problem02.c, line 25.
+b mai
Function "mai" not defined.
Make breakpoint pending on future shared library load? (y or [n]) +b main
Note: breakpoint 2 also set at pc 0x40146e.
Breakpoint 4 at 0x40146e: file c:\Users\zaina\github-classroom\FPC-advanced\fpc-advanced-classroom-1st-year-assignment-ZainabRiyaz\set02\problem02.c, line 11.
+r
Starting program: c:\Users\zaina\github-classroom\FPC-advanced\fpc-advanced-classroom-1st-year-assignment-ZainabRiyaz\set02/./problem02.exe 
[New Thread 16812.0xb2c]
[New Thread 16812.0x3748]

Breakpoint 2, main ()
    at c:\Users\zaina\github-classroom\FPC-advanced\fpc-advanced-classroom-1st-year-assignment-ZainabRiyaz\set02\problem02.c:11
11	    int a,b,c,result=0;
+n
12	    a=input_side();
+n

Breakpoint 3, input_side ()
    at c:\Users\zaina\github-classroom\FPC-advanced\fpc-advanced-classroom-1st-year-assignment-ZainabRiyaz\set02\problem02.c:25
25	    return s;
+p s
$1 = 5
+n
26	}
+n
main ()
    at c:\Users\zaina\github-classroom\FPC-advanced\fpc-advanced-classroom-1st-year-assignment-ZainabRiyaz\set02\problem02.c:13
13	    b=input_side();
+n

Breakpoint 3, input_side ()
    at c:\Users\zaina\github-classroom\FPC-advanced\fpc-advanced-classroom-1st-year-assignment-ZainabRiyaz\set02\problem02.c:25
25	    return s;
+p b
No symbol "b" in current context.
+p s
$2 = 4
+n
26	}
+n
main ()
    at c:\Users\zaina\github-classroom\FPC-advanced\fpc-advanced-classroom-1st-year-assignment-ZainabRiyaz\set02\problem02.c:14
14	    c=input_side();
+5
Undefined command: "5".  Try "help".
+n

Breakpoint 3, input_side ()
    at c:\Users\zaina\github-classroom\FPC-advanced\fpc-advanced-classroom-1st-year-assignment-ZainabRiyaz\set02\problem02.c:25
25	    return s;
+p c
No symbol "c" in current context.
+p s
$3 = 5
+n
26	}
+n
main ()
    at c:\Users\zaina\github-classroom\FPC-advanced\fpc-advanced-classroom-1st-year-assignment-ZainabRiyaz\set02\problem02.c:15
15	    result = check_scalene(a,b,c);
+n
16	    output(a,b,c,result);
+p result
$4 = 1
+p
$5 = 1
+n

Breakpoint 1, output (a=5, b=4, c=5, isscalene=1)
    at c:\Users\zaina\github-classroom\FPC-advanced\fpc-advanced-classroom-1st-year-assignment-ZainabRiyaz\set02\problem02.c:52
52	    if (isscalene==0)
+p isscalene
$6 = 1
+n
58	        printf("The triangle with sides %d,%d,%d is not scalene",a,b,c);
+n
60	}
+n
main ()
    at c:\Users\zaina\github-classroom\FPC-advanced\fpc-advanced-classroom-1st-year-assignment-ZainabRiyaz\set02\problem02.c:17
17	    return 0;
+n
18	}
+n
0x00401288 in __register_frame_info ()
+set logging enabled off
Undefined set logging command: "enabled off".  Try "help set logging".
+set loggin off
