+1
Undefined command: "1".  Try "help".
+l
No symbol table is loaded.  Use the "file" command.
+file
No executable file now.
No symbol file now.
+file problem06.c
problem06.c: No such file or directory.
+cd set02
Working directory C:\Users\zaina\github-classroom\FPC-advanced\fpc-advanced-classroom-1st-year-assignment-ZainabRiyaz\set02.
+file problem06.c
"C:\Users\zaina\github-classroom\FPC-advanced\fpc-advanced-classroom-1st-year-assignment-ZainabRiyaz\set02/problem06.c": not in executable format: File format not recognized
+problem06.c
Undefined command: "problem06".  Try "help".
+b
No default breakpoint address now.
+b 13
No symbol table is loaded.  Use the "file" command.
+file
No executable file now.
No symbol file now.
+set logging enabled off
Undefined set logging command: "enabled off".  Try "help set logging".
+set loggin off
