+b 50
Breakpoint 1 at 0x4015a3: file c:\Users\zaina\github-classroom\FPC-advanced\fpc-advanced-classroom-1st-year-assignment-ZainabRiyaz\set04\problem03.c, line 50.
+b main
Breakpoint 2 at 0x40146e: file c:\Users\zaina\github-classroom\FPC-advanced\fpc-advanced-classroom-1st-year-assignment-ZainabRiyaz\set04\problem03.c, line 12.
+r
Starting program: c:\Users\zaina\github-classroom\FPC-advanced\fpc-advanced-classroom-1st-year-assignment-ZainabRiyaz\set04/./problem03.exe 
[New Thread 13232.0x2ee0]
[New Thread 13232.0x5608]

Breakpoint 2, main ()
    at c:\Users\zaina\github-classroom\FPC-advanced\fpc-advanced-classroom-1st-year-assignment-ZainabRiyaz\set04\problem03.c:12
12	    input_n_and_r(&n,&r);
+n
13	    res=nCr(n,r);
+p n
$1 = 6
+p r
$2 = 3
+n

Breakpoint 1, nCr (n=6, r=3)
    at c:\Users\zaina\github-classroom\FPC-advanced\fpc-advanced-classroom-1st-year-assignment-ZainabRiyaz\set04\problem03.c:50
50	        nCr=factn/factr*factrn;
+p factn
$3 = 720
+p factr
$4 = 6
+factrn
Undefined command: "factrn".  Try "help".
+p factrn
$5 = 6
+n
30	    while(n!=0)
+p ncr
No symbol "ncr" in current context.
+n
32	    for(int i=1;i<=n;i++)
+n
34	        factn=factn*i;
+n
32	    for(int i=1;i<=n;i++)
+n
34	        factn=factn*i;
+n
32	    for(int i=1;i<=n;i++)
+n
34	        factn=factn*i;
+n
32	    for(int i=1;i<=n;i++)
+n
34	        factn=factn*i;
+n
32	    for(int i=1;i<=n;i++)
+n
34	        factn=factn*i;
+set logging enabled off
Undefined set logging command: "enabled off".  Try "help set logging".
+set loggin off
