+l
4	#include <math.h>
5	
6	void input(float *x1, float *y1, float *x2, float *y2);
7	float find_distance(float x1, float y1, float x2, float y2);
8	void output(float x1, float y1, float x2, float y2, float distance);
9	
10	int main()
11	{
12	    float x1,x2,y1,y2,distance;
13	    input(&x1,&y1,&x2,&y2);
+b 34
Breakpoint 1 at 0x401588: file c:\Users\zaina\github-classroom\FPC-advanced\fpc-advanced-classroom-1st-year-assignment-ZainabRiyaz\set03\problem01.c, line 34.
+b 14
Breakpoint 2 at 0x401492: file c:\Users\zaina\github-classroom\FPC-advanced\fpc-advanced-classroom-1st-year-assignment-ZainabRiyaz\set03\problem01.c, line 14.
+b main
Breakpoint 3 at 0x40146e: file c:\Users\zaina\github-classroom\FPC-advanced\fpc-advanced-classroom-1st-year-assignment-ZainabRiyaz\set03\problem01.c, line 13.
+r
Starting program: c:\Users\zaina\github-classroom\FPC-advanced\fpc-advanced-classroom-1st-year-assignment-ZainabRiyaz\set03/./problem01.exe 
[New Thread 13124.0x3564]
[New Thread 13124.0x2c90]

Breakpoint 3, main ()
    at c:\Users\zaina\github-classroom\FPC-advanced\fpc-advanced-classroom-1st-year-assignment-ZainabRiyaz\set03\problem01.c:13
13	    input(&x1,&y1,&x2,&y2);
+n

Breakpoint 2, main ()
    at c:\Users\zaina\github-classroom\FPC-advanced\fpc-advanced-classroom-1st-year-assignment-ZainabRiyaz\set03\problem01.c:14
14	    distance=find_distance(x1,y1,x2,y2);
+p x1
$1 = 1
+p x2
$2 = 2
+p y1
$3 = 1
+p y2
$4 = 2
+n

Breakpoint 1, find_distance (x1=1, y1=1, x2=2, y2=2)
    at c:\Users\zaina\github-classroom\FPC-advanced\fpc-advanced-classroom-1st-year-assignment-ZainabRiyaz\set03\problem01.c:34
34	    distance=sqrt((x2-x1)*(x2-x1)+(y2-y1)*(y2-y1));
+p distance
$5 = 8.99951429e-039
+n
35	    return distance;
+p distance
$6 = 1.41421354
+n
36	}
+n
main ()
    at c:\Users\zaina\github-classroom\FPC-advanced\fpc-advanced-classroom-1st-year-assignment-ZainabRiyaz\set03\problem01.c:15
15	    output(x1,y1,x2,y2,distance);
+n
16	    return 0;
+n
17	}
+n
0x00401288 in __register_frame_info ()
+set logging enabled off
Undefined set logging command: "enabled off".  Try "help set logging".
+set loggin off
