+l
3	#include <stdio.h>
4	
5	int input();
6	int find_fibo(int n);
7	void output(int n, int fibo);
8	
9	int main()
10	{
11	    int num,fibo;
12	    num=input();
+b 46
Breakpoint 1 at 0x401536: file c:\Users\zaina\github-classroom\FPC-advanced\fpc-advanced-classroom-1st-year-assignment-ZainabRiyaz\set03\problem04.c, line 46.
+b main
Breakpoint 2 at 0x40146e: file c:\Users\zaina\github-classroom\FPC-advanced\fpc-advanced-classroom-1st-year-assignment-ZainabRiyaz\set03\problem04.c, line 12.
+r
Starting program: c:\Users\zaina\github-classroom\FPC-advanced\fpc-advanced-classroom-1st-year-assignment-ZainabRiyaz\set03/./problem04.exe 
[New Thread 17992.0x5e28]
[New Thread 17992.0x2de8]

Breakpoint 2, main ()
    at c:\Users\zaina\github-classroom\FPC-advanced\fpc-advanced-classroom-1st-year-assignment-ZainabRiyaz\set03\problem04.c:12
12	    num=input();
+n
13	    fibo=find_fibo(num);
+p num
$1 = 5
+n

Breakpoint 1, find_fibo (n=5)
    at c:\Users\zaina\github-classroom\FPC-advanced\fpc-advanced-classroom-1st-year-assignment-ZainabRiyaz\set03\problem04.c:46
46	    return sum;
+p sum
$2 = 5
+n
47	}
+n
main ()
    at c:\Users\zaina\github-classroom\FPC-advanced\fpc-advanced-classroom-1st-year-assignment-ZainabRiyaz\set03\problem04.c:14
14	    output(num,fibo);
+p fibo
$3 = 5
+n
15	    return 0;
+n
16	}
+n
0x00401288 in __register_frame_info ()
+set logging enabled off
Undefined set logging command: "enabled off".  Try "help set logging".
+set loggin off
