+b 44
Breakpoint 1 at 0x40151c: file c:\Users\zaina\github-classroom\FPC-advanced\fpc-advanced-classroom-1st-year-assignment-ZainabRiyaz\set03\problem03.c, line 44.
+b 14
Breakpoint 2 at 0x401487: file c:\Users\zaina\github-classroom\FPC-advanced\fpc-advanced-classroom-1st-year-assignment-ZainabRiyaz\set03\problem03.c, line 14.
+b main
Breakpoint 3 at 0x40146e: file c:\Users\zaina\github-classroom\FPC-advanced\fpc-advanced-classroom-1st-year-assignment-ZainabRiyaz\set03\problem03.c, line 12.
+r
Starting program: c:\Users\zaina\github-classroom\FPC-advanced\fpc-advanced-classroom-1st-year-assignment-ZainabRiyaz\set03/./problem03.exe 
[New Thread 15904.0x26d4]
[New Thread 15904.0x220c]

Breakpoint 3, main ()
    at c:\Users\zaina\github-classroom\FPC-advanced\fpc-advanced-classroom-1st-year-assignment-ZainabRiyaz\set03\problem03.c:12
12	    num=input_number();
+n
13	    result=is_prime(num);
+p num
$1 = 23
+n

Breakpoint 1, is_prime (n=23)
    at c:\Users\zaina\github-classroom\FPC-advanced\fpc-advanced-classroom-1st-year-assignment-ZainabRiyaz\set03\problem03.c:44
44	    return result;
+p result
$2 = 0
+n
45	}
+n

Breakpoint 2, main ()
    at c:\Users\zaina\github-classroom\FPC-advanced\fpc-advanced-classroom-1st-year-assignment-ZainabRiyaz\set03\problem03.c:14
14	    output(num,result);
+p result
$3 = 0
+n
15	    return 0;
+n
16	}
+n
0x00401288 in __register_frame_info ()
+set logging enabled off
Undefined set logging command: "enabled off".  Try "help set logging".
+set loggin off
