+l
4	
5	void input_triangle(float *x1, float *y1, float *x2, float *y2, float *x3, float *y3);
6	int is_triangle(float x1, float y1, float x2, float y2,float x3, float y3);
7	void output(float x1, float y1, float x2, float y2,float x3, float y3, int result);
8	
9	int main()
10	{
11	    float x1,y1,x2,y2,x3,y3;
12	    int result;
13	    input_triangle(&x1,&y1,&x2,&y2,&x3,&y3);
+b 39
Breakpoint 1 at 0x4015f9: file c:\Users\zaina\github-classroom\FPC-advanced\fpc-advanced-classroom-1st-year-assignment-ZainabRiyaz\set03\problem02.c, line 39.
+b
No default breakpoint address now.
+b 14
Breakpoint 2 at 0x4014a2: file c:\Users\zaina\github-classroom\FPC-advanced\fpc-advanced-classroom-1st-year-assignment-ZainabRiyaz\set03\problem02.c, line 14.
+b main
Breakpoint 3 at 0x40146e: file c:\Users\zaina\github-classroom\FPC-advanced\fpc-advanced-classroom-1st-year-assignment-ZainabRiyaz\set03\problem02.c, line 13.
+r
Starting program: c:\Users\zaina\github-classroom\FPC-advanced\fpc-advanced-classroom-1st-year-assignment-ZainabRiyaz\set03/./problem02.exe 
[New Thread 22228.0x4d4c]
[New Thread 22228.0x5644]

Breakpoint 3, main ()
    at c:\Users\zaina\github-classroom\FPC-advanced\fpc-advanced-classroom-1st-year-assignment-ZainabRiyaz\set03\problem02.c:13
13	    input_triangle(&x1,&y1,&x2,&y2,&x3,&y3);
+n

Breakpoint 2, main ()
    at c:\Users\zaina\github-classroom\FPC-advanced\fpc-advanced-classroom-1st-year-assignment-ZainabRiyaz\set03\problem02.c:14
14	    result=is_triangle(x1,y1,x2,y2,x3,y3);
