+b 26
Breakpoint 1 at 0x4014e8: file c:\Users\zaina\github-classroom\FPC-advanced\fpc-advanced-classroom-1st-year-assignment-ZainabRiyaz\set01\problem09.c, line 26.
+b main
Breakpoint 2 at 0x40146e: file c:\Users\zaina\github-classroom\FPC-advanced\fpc-advanced-classroom-1st-year-assignment-ZainabRiyaz\set01\problem09.c, line 12.
+r
Starting program: c:\Users\zaina\github-classroom\FPC-advanced\fpc-advanced-classroom-1st-year-assignment-ZainabRiyaz\set01/./problem09.exe 
[New Thread 8784.0x23b4]
[New Thread 8784.0x3804]

Breakpoint 2, main ()
    at c:\Users\zaina\github-classroom\FPC-advanced\fpc-advanced-classroom-1st-year-assignment-ZainabRiyaz\set01\problem09.c:12
12	    num=input();
+n
13	    sqroot=square_root(num);
+p num
$1 = 33
+p sqroot
$2 = 0
+n

Breakpoint 1, square_root (n=33)
    at c:\Users\zaina\github-classroom\FPC-advanced\fpc-advanced-classroom-1st-year-assignment-ZainabRiyaz\set01\problem09.c:28
28	    float accy=0.001;
+p sqroot
No symbol "sqroot" in current context.
