+b main
Breakpoint 1 at 0x401477: file c:\Users\zaina\github-classroom\FPC-advanced\fpc-advanced-classroom-1st-year-assignment-ZainabRiyaz\set01\problem12.c, line 17.
+r
Starting program: c:\Users\zaina\github-classroom\FPC-advanced\fpc-advanced-classroom-1st-year-assignment-ZainabRiyaz\set01/./problem12.exe 
[New Thread 11376.0x2ccc]
[New Thread 11376.0x1df0]

Breakpoint 1, 0x00401477 in main ()
    at c:\Users\zaina\github-classroom\FPC-advanced\fpc-advanced-classroom-1st-year-assignment-ZainabRiyaz\set01\problem12.c:17
17	{
+n
19	    n=get_n();
+n
20	    Co c[n],result;
+p n
$1 = 4
+n
21	    input_n_Co(n,c);
+n
22	    result=add_n_Co(n,c);
+p co[n]
No symbol "co" in current context.
+p c
$2 = 0x61fec0
+n
23	    output(n,c,result);
+p result
$3 = {real = 88, imaginary = 44}
+n
24	    return 0;
+n
25	}
+n
0x00401288 in __register_frame_info ()
+set logging enabled off
Undefined set logging command: "enabled off".  Try "help set logging".
+set loggin off
