+l
warning: Source file is more recent than executable.
1	//2. Write a C program to add two numbers. //
2	
3	#include <stdio.h>
4	int main()
5	{
6	    int num1,num2,sum=0;
7	    printf("Please enter the first number: ",&num1);
8	    scanf("%d",&num1);
9	    printf("Please enter the second number: ",&num2);
10	    scanf("%d",&num2);
+b main
Breakpoint 1 at 0x40146e: file c:\Users\zaina\github-classroom\FPC-advanced\fpc-advanced-classroom-1st-year-assignment-ZainabRiyaz\set01\problem02.c, line 6.
+r
Starting program: c:\Users\zaina\github-classroom\FPC-advanced\fpc-advanced-classroom-1st-year-assignment-ZainabRiyaz\set01/./problem02.exe 
[New Thread 15844.0xf20]
[New Thread 15844.0x3084]

Breakpoint 1, main ()
    at c:\Users\zaina\github-classroom\FPC-advanced\fpc-advanced-classroom-1st-year-assignment-ZainabRiyaz\set01\problem02.c:6
6	    int num1,num2,sum=0;
+n
7	    printf("Please enter the first number: ",&num1);
+n
8	    scanf("%d",&num1);
+p num1
$1 = 0
+n
9	    printf("Please enter the second number: ",&num2);
+gdb ./problem02
Undefined command: "gdb".  Try "help".
+c
Continuing.
[Inferior 1 (process 15844) exited normally]
+set logging file problem02_debug.log
+set logging enabled on
Undefined set logging command: "enabled on".  Try "help set logging".
+set logging on
Already logging to problem02_debug.log.
+set trace-commands on
+r
Starting program: c:\Users\zaina\github-classroom\FPC-advanced\fpc-advanced-classroom-1st-year-assignment-ZainabRiyaz\set01/./problem02.exe 
[New Thread 16316.0x34e8]
[New Thread 16316.0x356c]

Breakpoint 1, main ()
    at c:\Users\zaina\github-classroom\FPC-advanced\fpc-advanced-classroom-1st-year-assignment-ZainabRiyaz\set01\problem02.c:6
6	    int num1,num2,sum=0;
+n
7	    printf("Please enter the first number: ",&num1);
+n
8	    scanf("%d",&num1);
+n
9	    printf("Please enter the second number: ",&num2);
+n
10	    scanf("%d",&num2);
+cd "c:\Users\zaina\github-classroom\FPC-advanced\fpc-advanced-classroom-1st-year-assignment-ZainabRiyaz\set01"
"c:\Users\zaina\github-classroom\FPC-advanced\fpc-advanced-classroom-1st-year-assignment-ZainabRiyaz\set01": Invalid argument.
+gdb ./problem02
Undefined command: "gdb".  Try "help".
+c
Continuing.
[Inferior 1 (process 16316) exited normally]
+set logging file problem02_debug.log
+set logging enabled on
Undefined set logging command: "enabled on".  Try "help set logging".
+set logging on
Already logging to problem02_debug.log.
+set trace-commands on
+r
Starting program: c:\Users\zaina\github-classroom\FPC-advanced\fpc-advanced-classroom-1st-year-assignment-ZainabRiyaz\set01/./problem02.exe 
[New Thread 3912.0xa20]
[New Thread 3912.0x3858]

Breakpoint 1, main ()
    at c:\Users\zaina\github-classroom\FPC-advanced\fpc-advanced-classroom-1st-year-assignment-ZainabRiyaz\set01\problem02.c:6
6	    int num1,num2,sum=0;
+n
7	    printf("Please enter the first number: ",&num1);
+10
Undefined command: "10".  Try "help".
+n
8	    scanf("%d",&num1);
+r
The program being debugged has been started already.
Start it from the beginning? (y or n) Program not restarted.
+cd "c:\Users\zaina\github-classroom\FPC-advanced\fpc-advanced-classroom-1st-year-assignment-ZainabRiyaz\set01"
"c:\Users\zaina\github-classroom\FPC-advanced\fpc-advanced-classroom-1st-year-assignment-ZainabRiyaz\set01": Invalid argument.
+gdb ./problem02
Undefined command: "gdb".  Try "help".
+c
Continuing.
[Inferior 1 (process 3912) exited normally]
+set logging enabled on
Undefined set logging command: "enabled on".  Try "help set logging".
+set logging on
Already logging to problem02_debug.log.
+set trace-commands on
+l
3	#include <stdio.h>
4	int main()
5	{
6	    int num1,num2,sum=0;
7	    printf("Please enter the first number: ",&num1);
8	    scanf("%d",&num1);
9	    printf("Please enter the second number: ",&num2);
10	    scanf("%d",&num2);
11	    sum=num1+num2;
12	    printf("The sum is %d",sum);
+b main
Note: breakpoint 1 also set at pc 0x40146e.
Breakpoint 2 at 0x40146e: file c:\Users\zaina\github-classroom\FPC-advanced\fpc-advanced-classroom-1st-year-assignment-ZainabRiyaz\set01\problem02.c, line 6.
+r
Starting program: c:\Users\zaina\github-classroom\FPC-advanced\fpc-advanced-classroom-1st-year-assignment-ZainabRiyaz\set01/./problem02.exe 
[New Thread 3020.0x11c8]
[New Thread 3020.0x3f7c]

Breakpoint 1, main ()
    at c:\Users\zaina\github-classroom\FPC-advanced\fpc-advanced-classroom-1st-year-assignment-ZainabRiyaz\set01\problem02.c:6
6	    int num1,num2,sum=0;
+n
7	    printf("Please enter the first number: ",&num1);
+n
8	    scanf("%d",&num1);
+n
9	    printf("Please enter the second number: ",&num2);
+n
10	    scanf("%d",&num2);
+n
11	    sum=num1+num2;
+p num1
$2 = 10
+p num2
$3 = 90
+n
12	    printf("The sum is %d",sum);
+p sum
$4 = 100
+n
13	    return 0;
+n
14	}
+n
0x00401288 in __register_frame_info ()
+quit
A debugging session is active.

	Inferior 1 [process 3020] will be killed.

Quit anyway? (y or n) error return ../../gdb-7.6.1/gdb/windows-nat.c:1275 was 5
