+l
2	
3	#include <stdio.h>
4	int input();
5	int add(int a, int b);
6	void output(int a, int b, int sum);
7	
8	int main()
9	{
10	    int a,b,sum;
11	    a=input();
+b main
Breakpoint 1 at 0x40146e: file c:\Users\zaina\github-classroom\FPC-advanced\fpc-advanced-classroom-1st-year-assignment-ZainabRiyaz\set01\problem03.c, line 11.
+b 29
Breakpoint 2 at 0x4014f2: file c:\Users\zaina\github-classroom\FPC-advanced\fpc-advanced-classroom-1st-year-assignment-ZainabRiyaz\set01\problem03.c, line 29.
+b 22
Breakpoint 3 at 0x4014cd: file c:\Users\zaina\github-classroom\FPC-advanced\fpc-advanced-classroom-1st-year-assignment-ZainabRiyaz\set01\problem03.c, line 22.
+r
Starting program: c:\Users\zaina\github-classroom\FPC-advanced\fpc-advanced-classroom-1st-year-assignment-ZainabRiyaz\set01/./problem03.exe 
[New Thread 13548.0x2ea4]
[New Thread 13548.0x1de4]

Breakpoint 1, main ()
    at c:\Users\zaina\github-classroom\FPC-advanced\fpc-advanced-classroom-1st-year-assignment-ZainabRiyaz\set01\problem03.c:11
11	    a=input();
+n

Breakpoint 3, input ()
    at c:\Users\zaina\github-classroom\FPC-advanced\fpc-advanced-classroom-1st-year-assignment-ZainabRiyaz\set01\problem03.c:22
22	    scanf("%d",&a);
+n
23	    return a;
+p a
$1 = 20
+n
24	}
+n
main ()
    at c:\Users\zaina\github-classroom\FPC-advanced\fpc-advanced-classroom-1st-year-assignment-ZainabRiyaz\set01\problem03.c:12
12	    b=input();
+n

Breakpoint 3, input ()
    at c:\Users\zaina\github-classroom\FPC-advanced\fpc-advanced-classroom-1st-year-assignment-ZainabRiyaz\set01\problem03.c:22
22	    scanf("%d",&a);
+n
23	    return a;
+p b
No symbol "b" in current context.
+p a
$2 = 40
+n
24	}
+n
main ()
    at c:\Users\zaina\github-classroom\FPC-advanced\fpc-advanced-classroom-1st-year-assignment-ZainabRiyaz\set01\problem03.c:13
13	    sum=add(a,b);
+n

Breakpoint 2, add (a=20, b=40)
    at c:\Users\zaina\github-classroom\FPC-advanced\fpc-advanced-classroom-1st-year-assignment-ZainabRiyaz\set01\problem03.c:29
29	    sum=a+b;
+p sum
$3 = 0
+n
30	    return sum;
+p sum
$4 = 60
+n
31	}
+n
main ()
    at c:\Users\zaina\github-classroom\FPC-advanced\fpc-advanced-classroom-1st-year-assignment-ZainabRiyaz\set01\problem03.c:14
14	    output(a,b,sum);
+n
15	    return 0;
+n
16	}
+n
0x00401288 in __register_frame_info ()
+quit
A debugging session is active.

	Inferior 1 [process 13548] will be killed.

Quit anyway? (y or n) error return ../../gdb-7.6.1/gdb/windows-nat.c:1275 was 5
