+l
3	#include <stdio.h>
4	
5	int input_n();
6	int sum_n_nos(int n);
7	void output(int n, int sum);
8	
9	int main()
10	{
11	    int n,sum;
12	    n=input_n();
+r 
Starting program: c:\Users\zaina\github-classroom\FPC-advanced\fpc-advanced-classroom-1st-year-assignment-ZainabRiyaz\set01/./problem07.exe 
[New Thread 12440.0x2208]
[New Thread 12440.0x40cc]
[Inferior 1 (process 12440) exited normally]
+l
13	    sum=sum_n_nos(n);
14	    output(n,sum);
15	    return 0;
16	}
17	
18	int input_n()
19	{
20	    int n;
21	    printf("The enter the value of n: ");
22	    scanf("%d",&n);
+b 31
Breakpoint 1 at 0x4014e9: file c:\Users\zaina\github-classroom\FPC-advanced\fpc-advanced-classroom-1st-year-assignment-ZainabRiyaz\set01\problem07.c, line 31.
+r
Starting program: c:\Users\zaina\github-classroom\FPC-advanced\fpc-advanced-classroom-1st-year-assignment-ZainabRiyaz\set01/./problem07.exe 
[New Thread 3296.0x1554]
[New Thread 3296.0x3fa8]

Breakpoint 1, sum_n_nos (n=5)
    at c:\Users\zaina\github-classroom\FPC-advanced\fpc-advanced-classroom-1st-year-assignment-ZainabRiyaz\set01\problem07.c:31
31	        sum+=i;
+n
29	    for(i=1;i<=n;i++)
+n

Breakpoint 1, sum_n_nos (n=5)
    at c:\Users\zaina\github-classroom\FPC-advanced\fpc-advanced-classroom-1st-year-assignment-ZainabRiyaz\set01\problem07.c:31
31	        sum+=i;
+n
29	    for(i=1;i<=n;i++)
+n

Breakpoint 1, sum_n_nos (n=5)
    at c:\Users\zaina\github-classroom\FPC-advanced\fpc-advanced-classroom-1st-year-assignment-ZainabRiyaz\set01\problem07.c:31
31	        sum+=i;
+set logging enabled off
Undefined set logging command: "enabled off".  Try "help set logging".
+set loggin off
