+b main
Breakpoint 1 at 0x40146e: file c:\Users\zaina\github-classroom\FPC-advanced\fpc-advanced-classroom-1st-year-assignment-ZainabRiyaz\set01\problem11.c, line 19.
+r
Starting program: c:\Users\zaina\github-classroom\FPC-advanced\fpc-advanced-classroom-1st-year-assignment-ZainabRiyaz\set01/./problem11.exe 
[New Thread 4996.0x38fc]
[New Thread 4996.0x43bc]

Breakpoint 1, main ()
    at c:\Users\zaina\github-classroom\FPC-advanced\fpc-advanced-classroom-1st-year-assignment-ZainabRiyaz\set01\problem11.c:19
19	    a=input_complex();
+n
20	    b=input_complex();
+n
21	    sum=add_complex(a,b);
+p a
$1 = {real = 22, imaginary = 44}
+p b
$2 = {real = 12, imaginary = 76}
+n
22	    output(a,b,sum);
+p sum
$3 = {real = 34, imaginary = 120}
+n
23	    return 0;
+n
24	}
+n
0x00401288 in __register_frame_info ()
+set logging enabled off
Undefined set logging command: "enabled off".  Try "help set logging".
+set loggin off
