+l
10	typedef struct camel Camel;
11	
12	Camel input();
13	void find_weight(Camel *c); //passing address variable
14	void output(Camel c);
15	
16	int main()
17	{
18	    Camel c;
19	    c=input();
+b main
Breakpoint 1 at 0x40146e: file c:\Users\zaina\github-classroom\FPC-advanced\fpc-advanced-classroom-1st-year-assignment-ZainabRiyaz\set05\problem03.c, line 19.
+r
Starting program: c:\Users\zaina\github-classroom\FPC-advanced\fpc-advanced-classroom-1st-year-assignment-ZainabRiyaz\set05/./problem03.exe 
[New Thread 2612.0x682c]
[New Thread 2612.0x5b30]

Breakpoint 1, main ()
    at c:\Users\zaina\github-classroom\FPC-advanced\fpc-advanced-classroom-1st-year-assignment-ZainabRiyaz\set05\problem03.c:19
19	    c=input();
+n
20	    find_weight(&c);
+p c
$1 = {radius = 1, height = 1, length = 1, weight = 0}
+n
21	    output(c);
+n
22	    return 0;
+n
23	}
+n
0x00401288 in __register_frame_info ()
+set logging enabled off
Undefined set logging command: "enabled off".  Try "help set logging".
+set loggin off
