+l
7	    float radius, height, length, weight;
8	} Camel;
9	
10	void input(int n, Camel c[n], float *truck_weight);
11	void find_camel_weight(int n, Camel c[n]);
12	float compute_total_weight(int n, Camel c[n], float truck_weight);
13	void output(float total_weight);
14	
15	int main()
16	{
+10
Undefined command: "10".  Try "help".
+b 10
Breakpoint 1 at 0x401477: file c:\Users\zaina\github-classroom\FPC-advanced\fpc-advanced-classroom-1st-year-assignment-ZainabRiyaz\set05\problem08.c, line 10.
+run
Starting program: c:\Users\zaina\github-classroom\FPC-advanced\fpc-advanced-classroom-1st-year-assignment-ZainabRiyaz\set05/./problem08.exe 
[New Thread 22560.0x44a4]
[New Thread 22560.0x6094]

Breakpoint 1, 0x00401477 in main ()
    at c:\Users\zaina\github-classroom\FPC-advanced\fpc-advanced-classroom-1st-year-assignment-ZainabRiyaz\set05\problem08.c:16
16	{
+in
Ambiguous command "in": inf, inferior, info, init-if-undefined, inspect, internals, interpreter-exec, interrupt.
+set logging enabled off
Undefined set logging command: "enabled off".  Try "help set logging".
+set loggin off
